#
# A fatal error has been detected by the Java Runtime Environment:
#
#  SIGSEGV (0xb) at pc=0x00000001218f8511, pid=3875, tid=1811
#
# JRE version: Java(TM) SE Runtime Environment (8.0_45-b14) (build 1.8.0_45-b14)
# Java VM: Java HotSpot(TM) 64-Bit Server VM (25.45-b02 mixed mode bsd-amd64 compressed oops)
# Problematic frame:
# C  [libglass.dylib+0x15511]  GlassScreenDidChangeScreenParameters+0x21
#
# Failed to write core dump. Core dumps have been disabled. To enable core dumping, try "ulimit -c unlimited" before starting Java again
#
# If you would like to submit a bug report, please visit:
#   http://bugreport.java.com/bugreport/crash.jsp
#

---------------  T H R E A D  ---------------

Current thread is native thread

siginfo: si_signo: 11 (SIGSEGV), si_code: 1 (SEGV_MAPERR), si_addr: 0x0000000000000000

Registers:
RAX=0x000000012192aac8, RBX=0x0000000000000000, RCX=0xe60046a6d0a7c8e4, RDX=0x00007fff73ee71f8
RSP=0x00007fff58a2e170, RBP=0x00007fff58a2e180, RSI=0x00007fd0f85016e0, RDI=0x0000000000000000
R8 =0x00007fff58a2e020, R9 =0x00007fff754ab300, R10=0x0000000000000000, R11=0x0000000000000246
R12=0x00007fd0f8504f00, R13=0x00000000000f426a, R14=0x00007fd0f877fff0, R15=0x00007fff58a2e2c0
RIP=0x00000001218f8511, EFLAGS=0x0000000000010246, ERR=0x0000000000000004
  TRAPNO=0x000000000000000e

Top of Stack: (sp=0x00007fff58a2e170)
0x00007fff58a2e170:   00007fff58a2e350 00007fd0f877fff0
0x00007fff58a2e180:   00007fff58a2e190 00007fff92a8745c
0x00007fff58a2e190:   00007fff58a2e4f0 00007fff92977634
0x00007fff58a2e1a0:   00007fff58a2e1f0 0000000000001400
0x00007fff58a2e1b0:   00007fff757c4ed0 00007fd0f84436e0
0x00007fff58a2e1c0:   0000000000001002 0000000000000270
0x00007fff58a2e1d0:   00007fd0f84436e0 00007fd0f877fff0
0x00007fff58a2e1e0:   0000000000000000 00007fff58a2e2c0
0x00007fff58a2e1f0:   0000000000000000 00007fd0f877ffb0
0x00007fff58a2e200:   00007fff58a2e340 000000000000001a
0x00007fff58a2e210:   00000000000f4291 00007fd0f848e950
0x00007fff58a2e220:   00007fd0f864a940 00007fd0f8504f00
0x00007fff58a2e230:   0000000000000001 00000000000f426a
0x00007fff58a2e240:   00007fd0f8504ef0 00007fff92744b90
0x00007fff58a2e250:   0000000000000001 0000000000000001
0x00007fff58a2e260:   0000000000000030 0000000000000001
0x00007fff58a2e270:   00007fff58a2e290 00007fff92745546
0x00007fff58a2e280:   00007fff757c2fb0 0000000000000000
0x00007fff58a2e290:   00007fff58a2e2b0 0000000000000005
0x00007fff58a2e2a0:   00003a0302000000 00007fd0f8504f24
0x00007fff58a2e2b0:   0000000000000000 00007fff9296d10f
0x00007fff58a2e2c0:   00007fd0f877fff0 00007fff757c2fb0
0x00007fff58a2e2d0:   00007fff58a2e350 0000000000000005
0x00007fff58a2e2e0:   00007fff58a2e320 00007fff92742dd2
0x00007fff58a2e2f0:   00000001071eda00 0000000000000002
0x00007fff58a2e300:   00000001071ea000 00007fd0f843a682
0x00007fff58a2e310:   0000000000000003 00000001071eee00
0x00007fff58a2e320:   00007fff58a2e410 00007fff92741b36
0x00007fff58a2e330:   00007fd0f864a4d0 00007fff58a2e4f8
0x00007fff58a2e340:   0000000000000017 0000000000000000
0x00007fff58a2e350:   00000000000f426a 00007fff9296d403
0x00007fff58a2e360:   00007fff00000000 00007fd0f87512f0 

Instructions: (pc=0x00000001218f8511)
0x00000001218f84f1:   48 89 e5 41 56 53 48 8d 05 c2 26 03 00 48 83 38
0x00000001218f8501:   00 48 89 fb 75 72 48 8d 05 ba 25 03 00 48 8b 30
0x00000001218f8511:   48 8b 03 48 8d 15 6c 9a 01 00 48 8d 0d 86 6f 01
0x00000001218f8521:   00 48 89 df ff 90 88 03 00 00 48 8d 0d 8e 26 03 

Register to memory mapping:

RAX=0x000000012192aac8: jScreenClass+0 in /Library/Java/JavaVirtualMachines/jdk1.8.0_45.jdk/Contents/Home/jre/lib/libglass.dylib at 0x00000001218e3000
RBX=0x0000000000000000 is an unknown value
RCX=0xe60046a6d0a7c8e4 is an unknown value
RDX=0x00007fff73ee71f8: __sFX+0x1c8 in /usr/lib/system/libsystem_c.dylib at 0x00007fff8751d000
RSP=0x00007fff58a2e170 is an unknown value
RBP=0x00007fff58a2e180 is an unknown value
RSI=0x00007fd0f85016e0 is a global jni handle
RDI=0x0000000000000000 is an unknown value
R8 =0x00007fff58a2e020 is an unknown value
R9 =0x00007fff754ab300: _thread+0 in /usr/lib/system/libsystem_pthread.dylib at 0x00007fff91cb4000
R10=0x0000000000000000 is an unknown value
R11=0x0000000000000246 is an unknown value
R12=0x00007fd0f8504f00 is an unknown value
R13=0x00000000000f426a is an unknown value
R14=0x00007fd0f877fff0 is an unknown value
R15=0x00007fff58a2e2c0 is an unknown value


Stack: [0x00007fff58231000,0x00007fff58a31000],  sp=0x00007fff58a2e170,  free space=8180k
Native frames: (J=compiled Java code, j=interpreted, Vv=VM code, C=native code)
C  [libglass.dylib+0x15511]  GlassScreenDidChangeScreenParameters+0x21
C  [CoreFoundation+0x12045c]  __CFNOTIFICATIONCENTER_IS_CALLING_OUT_TO_AN_OBSERVER__+0xc
C  [CoreFoundation+0x10634]  _CFXNotificationPost+0xc44
C  [Foundation+0x7aa1]  -[NSNotificationCenter postNotificationName:object:userInfo:]+0x42
C  [AppKit+0x40de7e]  -[NSApplication _reactToScreenInvalidationImmediately:]+0x17b
C  [AppKit+0x40dcc7]  __44-[NSApplication _reactToScreenInvalidation:]_block_invoke+0x4b
C  [CoreFoundation+0x808ec]  __CFRUNLOOP_IS_CALLING_OUT_TO_A_BLOCK__+0xc
C  [CoreFoundation+0x729f5]  __CFRunLoopDoBlocks+0x155
C  [CoreFoundation+0x72536]  __CFRunLoopRun+0x716
C  [CoreFoundation+0x71bd8]  CFRunLoopRunSpecific+0x128
C  [java+0x6490]  CreateExecutionEnvironment+0x367
C  [java+0x221c]  JLI_Launch+0x7a0
C  [java+0x84ed]  main+0x65
C  [java+0x1a74]  start+0x34


---------------  P R O C E S S  ---------------

VM state:not at safepoint (normal execution)

VM Mutex/Monitor currently owned by a thread: None

Heap:
 PSYoungGen      total 38400K, used 17467K [0x0000000795580000, 0x0000000798000000, 0x00000007c0000000)
  eden space 33280K, 52% used [0x0000000795580000,0x000000079668efa0,0x0000000797600000)
  from space 5120K, 0% used [0x0000000797b00000,0x0000000797b00000,0x0000000798000000)
  to   space 5120K, 0% used [0x0000000797600000,0x0000000797600000,0x0000000797b00000)
 ParOldGen       total 87552K, used 0K [0x0000000740000000, 0x0000000745580000, 0x0000000795580000)
  object space 87552K, 0% used [0x0000000740000000,0x0000000740000000,0x0000000745580000)
 Metaspace       used 8839K, capacity 9126K, committed 9216K, reserved 1056768K
  class space    used 1142K, capacity 1242K, committed 1280K, reserved 1048576K

Card table byte_map: [0x000000011802c000,0x000000011842d000] byte_map_base: 0x000000011462c000

Marking Bits: (ParMarkBitMap*) 0x00000001084c27a0
 Begin Bits: [0x0000000118ae4000, 0x000000011aae4000)
 End Bits:   [0x000000011aae4000, 0x000000011cae4000)

Polling page: 0x000000010734a000

CodeCache: size=245760Kb used=2534Kb max_used=2534Kb free=243225Kb
 bounds [0x0000000108c6c000, 0x0000000108eec000, 0x0000000117c6c000]
 total_blobs=1051 nmethods=630 adapters=335
 compilation: enabled

Compilation events (10 events):
Event: 0.686 Thread 0x00007fd0fa014000 nmethod 622 0x0000000108ede590 code [0x0000000108ede6e0, 0x0000000108ede7f0]
Event: 0.691 Thread 0x00007fd0fa014000  624       3       java.util.HashSet::add (20 bytes)
Event: 0.691 Thread 0x00007fd0fa014000 nmethod 624 0x0000000108ede850 code [0x0000000108ede9e0, 0x0000000108edeef8]
Event: 0.694 Thread 0x00007fd0fa014000  625       3       java.lang.String::lastIndexOf (151 bytes)
Event: 0.695 Thread 0x00007fd0fa014000 nmethod 625 0x0000000108edf2d0 code [0x0000000108edf480, 0x0000000108edf9d0]
Event: 0.695 Thread 0x00007fd0fa014000  626       3       sun.util.locale.LocaleUtils::isUpper (18 bytes)
Event: 0.695 Thread 0x00007fd0fa014000 nmethod 626 0x0000000108edfe50 code [0x0000000108edffc0, 0x0000000108ee0190]
Event: 0.699 Thread 0x00007fd0fa014000  627       3       java.io.DataInputStream::readInt (72 bytes)
Event: 0.700 Thread 0x00007fd0fa014000 nmethod 627 0x0000000108ee0410 code [0x0000000108ee05c0, 0x0000000108ee0b28]
Event: 0.700 Thread 0x00007fd0fa014000  628       3       java.util.HashMap::resize (359 bytes)

GC Heap History (0 events):
No events

Deoptimization events (2 events):
Event: 0.540 Thread 0x00007fd0f91c0000 Uncommon trap: reason=unstable_if action=reinterpret pc=0x0000000108e52018 method=java.lang.String.indexOf([CII[CIII)I @ 134
Event: 0.540 Thread 0x00007fd0f91c0000 Uncommon trap: reason=unstable_if action=reinterpret pc=0x0000000108e1f7e4 method=java.lang.String.replace(CC)Ljava/lang/String; @ 2

Internal exceptions (10 events):
Event: 0.172 Thread 0x00007fd0f9005800 Exception <a 'java/lang/NoSuchFieldError': method resolution failed> (0x00000007958bf4e8) thrown at [/Users/java_re/workspace/8-2-build-macosx-x86_64/jdk8u45/3457/hotspot/src/share/vm/prims/methodHandles.cpp, line 1125]
Event: 0.174 Thread 0x00007fd0f9005800 Exception <a 'java/lang/NoSuchFieldError': method resolution failed> (0x00000007958cdbd0) thrown at [/Users/java_re/workspace/8-2-build-macosx-x86_64/jdk8u45/3457/hotspot/src/share/vm/prims/methodHandles.cpp, line 1125]
Event: 0.195 Thread 0x00007fd0f9005800 Exception <a 'java/security/PrivilegedActionException'> (0x000000079595a188) thrown at [/Users/java_re/workspace/8-2-build-macosx-x86_64/jdk8u45/3457/hotspot/src/share/vm/prims/jvm.cpp, line 1382]
Event: 0.195 Thread 0x00007fd0f9005800 Exception <a 'java/security/PrivilegedActionException'> (0x000000079595a340) thrown at [/Users/java_re/workspace/8-2-build-macosx-x86_64/jdk8u45/3457/hotspot/src/share/vm/prims/jvm.cpp, line 1382]
Event: 0.195 Thread 0x00007fd0f9005800 Exception <a 'java/security/PrivilegedActionException'> (0x000000079595d530) thrown at [/Users/java_re/workspace/8-2-build-macosx-x86_64/jdk8u45/3457/hotspot/src/share/vm/prims/jvm.cpp, line 1382]
Event: 0.195 Thread 0x00007fd0f9005800 Exception <a 'java/security/PrivilegedActionException'> (0x000000079595d6e8) thrown at [/Users/java_re/workspace/8-2-build-macosx-x86_64/jdk8u45/3457/hotspot/src/share/vm/prims/jvm.cpp, line 1382]
Event: 0.195 Thread 0x00007fd0f9005800 Exception <a 'java/lang/NullPointerException'> (0x000000079595f008) thrown at [/Users/java_re/workspace/8-2-build-macosx-x86_64/jdk8u45/3457/hotspot/src/share/vm/interpreter/linkResolver.cpp, line 1178]
Event: 0.533 Thread 0x00007fd0f91c0000 Exception <a 'java/lang/NullPointerException'> (0x00000007962af340) thrown at [/Users/java_re/workspace/8-2-build-macosx-x86_64/jdk8u45/3457/hotspot/src/share/vm/interpreter/linkResolver.cpp, line 1178]
Event: 0.533 Thread 0x00007fd0f91c0000 Exception <a 'java/lang/NullPointerException'> (0x00000007962af340) thrown at [/Users/java_re/workspace/8-2-build-macosx-x86_64/jdk8u45/3457/hotspot/src/share/vm/prims/jvm.cpp, line 1386]
Event: 0.685 Thread 0x00007fd0f9005800 Exception <a 'java/lang/reflect/InvocationTargetException'> (0x0000000795c520d0) thrown at [/Users/java_re/workspace/8-2-build-macosx-x86_64/jdk8u45/3457/hotspot/src/share/vm/runtime/reflection.cpp, line 1080]

Events (10 events):
Event: 0.700 loading class java/util/spi/LocaleNameProvider done
Event: 0.700 loading class java/util/spi/TimeZoneNameProvider
Event: 0.700 loading class java/util/spi/TimeZoneNameProvider done
Event: 0.700 loading class java/util/spi/CalendarDataProvider
Event: 0.700 loading class java/util/spi/CalendarDataProvider done
Event: 0.700 loading class sun/util/locale/provider/CurrencyNameProviderImpl
Event: 0.700 loading class sun/util/locale/provider/CurrencyNameProviderImpl done
Event: 0.701 loading class sun/util/locale/provider/SPILocaleProviderAdapter$1
Event: 0.701 loading class sun/util/locale/provider/SPILocaleProviderAdapter$1 done
Event: 0.702 loading class java/util/Currency$CurrencyNameGetter


Dynamic libraries:
0x00000000031ce000 	/System/Library/Frameworks/Cocoa.framework/Versions/A/Cocoa
0x00000000031ce000 	/System/Library/Frameworks/Security.framework/Versions/A/Security
0x00000000031ce000 	/System/Library/Frameworks/ApplicationServices.framework/Versions/A/ApplicationServices
0x00000000031ce000 	/usr/lib/libz.1.dylib
0x00000000031ce000 	/usr/lib/libSystem.B.dylib
0x00000000031ce000 	/usr/lib/libobjc.A.dylib
0x00000000031ce000 	/System/Library/Frameworks/CoreFoundation.framework/Versions/A/CoreFoundation
0x00000000031ce000 	/System/Library/Frameworks/Foundation.framework/Versions/C/Foundation
0x00000000031ce000 	/System/Library/Frameworks/AppKit.framework/Versions/C/AppKit
0x00000000031ce000 	/System/Library/Frameworks/CoreData.framework/Versions/A/CoreData
0x00000000031ce000 	/System/Library/PrivateFrameworks/RemoteViewServices.framework/Versions/A/RemoteViewServices
0x00000000031ce000 	/System/Library/PrivateFrameworks/UIFoundation.framework/Versions/A/UIFoundation
0x00000000031ce000 	/System/Library/Frameworks/IOSurface.framework/Versions/A/IOSurface
0x00000000031ce000 	/System/Library/Frameworks/AudioToolbox.framework/Versions/A/AudioToolbox
0x00000000031ce000 	/System/Library/Frameworks/AudioUnit.framework/Versions/A/AudioUnit
0x00000000031ce000 	/System/Library/PrivateFrameworks/DataDetectorsCore.framework/Versions/A/DataDetectorsCore
0x00000000031ce000 	/System/Library/PrivateFrameworks/DesktopServicesPriv.framework/Versions/A/DesktopServicesPriv
0x00000000031ce000 	/System/Library/Frameworks/Carbon.framework/Versions/A/Frameworks/HIToolbox.framework/Versions/A/HIToolbox
0x00000000031ce000 	/System/Library/Frameworks/QuartzCore.framework/Versions/A/QuartzCore
0x00000000031ce000 	/System/Library/Frameworks/Carbon.framework/Versions/A/Frameworks/SpeechRecognition.framework/Versions/A/SpeechRecognition
0x00000000031ce000 	/usr/lib/libauto.dylib
0x00000000031ce000 	/usr/lib/libicucore.A.dylib
0x00000000031ce000 	/usr/lib/libxml2.2.dylib
0x00000000031ce000 	/System/Library/PrivateFrameworks/CoreUI.framework/Versions/A/CoreUI
0x00000000031ce000 	/System/Library/Frameworks/CoreAudio.framework/Versions/A/CoreAudio
0x00000000031ce000 	/System/Library/Frameworks/DiskArbitration.framework/Versions/A/DiskArbitration
0x00000000031ce000 	/usr/lib/liblangid.dylib
0x00000000031ce000 	/System/Library/PrivateFrameworks/MultitouchSupport.framework/Versions/A/MultitouchSupport
0x00000000031ce000 	/System/Library/Frameworks/IOKit.framework/Versions/A/IOKit
0x00000000031ce000 	/usr/lib/libDiagnosticMessagesClient.dylib
0x00000000031ce000 	/System/Library/Frameworks/CoreServices.framework/Versions/A/CoreServices
0x00000000031ce000 	/System/Library/PrivateFrameworks/PerformanceAnalysis.framework/Versions/A/PerformanceAnalysis
0x00000000031ce000 	/System/Library/PrivateFrameworks/GenerationalStorage.framework/Versions/A/GenerationalStorage
0x00000000031ce000 	/System/Library/Frameworks/OpenGL.framework/Versions/A/OpenGL
0x00000000031ce000 	/System/Library/PrivateFrameworks/Sharing.framework/Versions/A/Sharing
0x00000000031ce000 	/System/Library/Frameworks/CoreGraphics.framework/Versions/A/CoreGraphics
0x00000000031ce000 	/System/Library/Frameworks/CoreText.framework/Versions/A/CoreText
0x00000000031ce000 	/System/Library/Frameworks/ImageIO.framework/Versions/A/ImageIO
0x00000000031ce000 	/usr/lib/libextension.dylib
0x00000000031ce000 	/System/Library/PrivateFrameworks/Backup.framework/Versions/A/Backup
0x00000000031ce000 	/usr/lib/libarchive.2.dylib
0x00000000031ce000 	/System/Library/Frameworks/CFNetwork.framework/Versions/A/CFNetwork
0x00000000031ce000 	/System/Library/Frameworks/SystemConfiguration.framework/Versions/A/SystemConfiguration
0x00000000031ce000 	/usr/lib/libCRFSuite.dylib
0x00000000031ce000 	/usr/lib/libc++.1.dylib
0x00000000031ce000 	/usr/lib/libc++abi.dylib
0x00000000031ce000 	/usr/lib/system/libcache.dylib
0x00000000031ce000 	/usr/lib/system/libcommonCrypto.dylib
0x00000000031ce000 	/usr/lib/system/libcompiler_rt.dylib
0x00000000031ce000 	/usr/lib/system/libcopyfile.dylib
0x00000000031ce000 	/usr/lib/system/libcorecrypto.dylib
0x00000000031ce000 	/usr/lib/system/libdispatch.dylib
0x00000000031ce000 	/usr/lib/system/libdyld.dylib
0x00000000031ce000 	/usr/lib/system/libkeymgr.dylib
0x00000000031ce000 	/usr/lib/system/liblaunch.dylib
0x00000000031ce000 	/usr/lib/system/libmacho.dylib
0x00000000031ce000 	/usr/lib/system/libquarantine.dylib
0x00000000031ce000 	/usr/lib/system/libremovefile.dylib
0x00000000031ce000 	/usr/lib/system/libsystem_asl.dylib
0x00000000031ce000 	/usr/lib/system/libsystem_blocks.dylib
0x00000000031ce000 	/usr/lib/system/libsystem_c.dylib
0x00000000031ce000 	/usr/lib/system/libsystem_configuration.dylib
0x00000000031ce000 	/usr/lib/system/libsystem_coreservices.dylib
0x00000000031ce000 	/usr/lib/system/libsystem_coretls.dylib
0x00000000031ce000 	/usr/lib/system/libsystem_dnssd.dylib
0x00000000031ce000 	/usr/lib/system/libsystem_info.dylib
0x00000000031ce000 	/usr/lib/system/libsystem_kernel.dylib
0x00000000031ce000 	/usr/lib/system/libsystem_m.dylib
0x00000000031ce000 	/usr/lib/system/libsystem_malloc.dylib
0x00000000031ce000 	/usr/lib/system/libsystem_network.dylib
0x00000000031ce000 	/usr/lib/system/libsystem_networkextension.dylib
0x00000000031ce000 	/usr/lib/system/libsystem_notify.dylib
0x00000000031ce000 	/usr/lib/system/libsystem_platform.dylib
0x00000000031ce000 	/usr/lib/system/libsystem_pthread.dylib
0x00000000031ce000 	/usr/lib/system/libsystem_sandbox.dylib
0x00000000031ce000 	/usr/lib/system/libsystem_secinit.dylib
0x00000000031ce000 	/usr/lib/system/libsystem_stats.dylib
0x00000000031ce000 	/usr/lib/system/libsystem_trace.dylib
0x00000000031ce000 	/usr/lib/system/libunc.dylib
0x00000000031ce000 	/usr/lib/system/libunwind.dylib
0x00000000031ce000 	/usr/lib/system/libxpc.dylib
0x00000000031ce000 	/usr/lib/libbz2.1.0.dylib
0x00000000031ce000 	/usr/lib/liblzma.5.dylib
0x00000000031ce000 	/usr/lib/libbsm.0.dylib
0x00000000031ce000 	/usr/lib/libsqlite3.dylib
0x00000000031ce000 	/usr/lib/system/libkxld.dylib
0x00000000031ce000 	/usr/lib/libxar.1.dylib
0x00000000031ce000 	/usr/lib/libpam.2.dylib
0x00000000031ce000 	/usr/lib/libOpenScriptingUtil.dylib
0x00000000031ce000 	/System/Library/Frameworks/CoreServices.framework/Versions/A/Frameworks/FSEvents.framework/Versions/A/FSEvents
0x00000000031ce000 	/System/Library/Frameworks/CoreServices.framework/Versions/A/Frameworks/CarbonCore.framework/Versions/A/CarbonCore
0x00000000031ce000 	/System/Library/Frameworks/CoreServices.framework/Versions/A/Frameworks/Metadata.framework/Versions/A/Metadata
0x00000000031ce000 	/System/Library/Frameworks/CoreServices.framework/Versions/A/Frameworks/OSServices.framework/Versions/A/OSServices
0x00000000031ce000 	/System/Library/Frameworks/CoreServices.framework/Versions/A/Frameworks/SearchKit.framework/Versions/A/SearchKit
0x00000000031ce000 	/System/Library/Frameworks/CoreServices.framework/Versions/A/Frameworks/AE.framework/Versions/A/AE
0x00000000031ce000 	/System/Library/Frameworks/CoreServices.framework/Versions/A/Frameworks/LaunchServices.framework/Versions/A/LaunchServices
0x00000000031ce000 	/System/Library/Frameworks/CoreServices.framework/Versions/A/Frameworks/DictionaryServices.framework/Versions/A/DictionaryServices
0x00000000031ce000 	/System/Library/Frameworks/NetFS.framework/Versions/A/NetFS
0x00000000031ce000 	/System/Library/PrivateFrameworks/NetAuth.framework/Versions/A/NetAuth
0x00000000031ce000 	/System/Library/PrivateFrameworks/login.framework/Versions/A/Frameworks/loginsupport.framework/Versions/A/loginsupport
0x00000000031ce000 	/System/Library/PrivateFrameworks/TCC.framework/Versions/A/TCC
0x00000000031ce000 	/usr/lib/libmecabra.dylib
0x00000000031ce000 	/System/Library/Frameworks/ApplicationServices.framework/Versions/A/Frameworks/ATS.framework/Versions/A/ATS
0x00000000031ce000 	/System/Library/Frameworks/ApplicationServices.framework/Versions/A/Frameworks/ColorSync.framework/Versions/A/ColorSync
0x00000000031ce000 	/System/Library/Frameworks/ApplicationServices.framework/Versions/A/Frameworks/HIServices.framework/Versions/A/HIServices
0x00000000031ce000 	/System/Library/Frameworks/ApplicationServices.framework/Versions/A/Frameworks/LangAnalysis.framework/Versions/A/LangAnalysis
0x00000000031ce000 	/System/Library/Frameworks/ApplicationServices.framework/Versions/A/Frameworks/PrintCore.framework/Versions/A/PrintCore
0x00000000031ce000 	/System/Library/Frameworks/ApplicationServices.framework/Versions/A/Frameworks/QD.framework/Versions/A/QD
0x00000000031ce000 	/System/Library/Frameworks/ApplicationServices.framework/Versions/A/Frameworks/SpeechSynthesis.framework/Versions/A/SpeechSynthesis
0x00000000031ce000 	/System/Library/Frameworks/Accelerate.framework/Versions/A/Accelerate
0x00000000031ce000 	/System/Library/Frameworks/Accelerate.framework/Versions/A/Frameworks/vImage.framework/Versions/A/vImage
0x00000000031ce000 	/System/Library/Frameworks/Accelerate.framework/Versions/A/Frameworks/vecLib.framework/Versions/A/vecLib
0x00000000031ce000 	/System/Library/Frameworks/Accelerate.framework/Versions/A/Frameworks/vecLib.framework/Versions/A/libvDSP.dylib
0x00000000031ce000 	/System/Library/Frameworks/Accelerate.framework/Versions/A/Frameworks/vecLib.framework/Versions/A/libvMisc.dylib
0x00000000031ce000 	/System/Library/Frameworks/Accelerate.framework/Versions/A/Frameworks/vecLib.framework/Versions/A/libLAPACK.dylib
0x00000000031ce000 	/System/Library/Frameworks/Accelerate.framework/Versions/A/Frameworks/vecLib.framework/Versions/A/libBLAS.dylib
0x00000000031ce000 	/System/Library/Frameworks/Accelerate.framework/Versions/A/Frameworks/vecLib.framework/Versions/A/libLinearAlgebra.dylib
0x00000000031ce000 	/System/Library/Frameworks/ApplicationServices.framework/Versions/A/Frameworks/ATS.framework/Versions/A/Resources/libFontParser.dylib
0x00000000031ce000 	/System/Library/Frameworks/ApplicationServices.framework/Versions/A/Frameworks/ATS.framework/Versions/A/Resources/libFontRegistry.dylib
0x00000000031ce000 	/System/Library/PrivateFrameworks/AppleVPA.framework/Versions/A/AppleVPA
0x00000000031ce000 	/System/Library/PrivateFrameworks/AppleJPEG.framework/Versions/A/AppleJPEG
0x00000000031ce000 	/System/Library/Frameworks/ImageIO.framework/Versions/A/Resources/libJPEG.dylib
0x00000000031ce000 	/System/Library/Frameworks/ImageIO.framework/Versions/A/Resources/libTIFF.dylib
0x00000000031ce000 	/System/Library/Frameworks/ImageIO.framework/Versions/A/Resources/libPng.dylib
0x00000000031ce000 	/System/Library/Frameworks/ImageIO.framework/Versions/A/Resources/libGIF.dylib
0x00000000031ce000 	/System/Library/Frameworks/ImageIO.framework/Versions/A/Resources/libJP2.dylib
0x00000000031ce000 	/System/Library/Frameworks/ImageIO.framework/Versions/A/Resources/libRadiance.dylib
0x00000000031ce000 	/System/Library/Frameworks/CoreVideo.framework/Versions/A/CoreVideo
0x00000000031ce000 	/System/Library/Frameworks/OpenGL.framework/Versions/A/Libraries/libGLU.dylib
0x00000000031ce000 	/System/Library/Frameworks/OpenGL.framework/Versions/A/Libraries/libGFXShared.dylib
0x00000000031ce000 	/System/Library/Frameworks/OpenGL.framework/Versions/A/Libraries/libGL.dylib
0x00000000031ce000 	/System/Library/Frameworks/OpenGL.framework/Versions/A/Libraries/libGLImage.dylib
0x00000000031ce000 	/System/Library/Frameworks/OpenGL.framework/Versions/A/Libraries/libCVMSPluginSupport.dylib
0x00000000031ce000 	/System/Library/Frameworks/OpenGL.framework/Versions/A/Libraries/libCoreVMClient.dylib
0x00000000031ce000 	/usr/lib/libcups.2.dylib
0x00000000031ce000 	/System/Library/Frameworks/Kerberos.framework/Versions/A/Kerberos
0x00000000031ce000 	/System/Library/Frameworks/GSS.framework/Versions/A/GSS
0x00000000031ce000 	/usr/lib/libresolv.9.dylib
0x00000000031ce000 	/usr/lib/libiconv.2.dylib
0x00000000031ce000 	/System/Library/PrivateFrameworks/Heimdal.framework/Versions/A/Heimdal
0x00000000031ce000 	/usr/lib/libheimdal-asn1.dylib
0x00000000031ce000 	/System/Library/Frameworks/OpenDirectory.framework/Versions/A/OpenDirectory
0x00000000031ce000 	/System/Library/PrivateFrameworks/CommonAuth.framework/Versions/A/CommonAuth
0x00000000031ce000 	/System/Library/Frameworks/OpenDirectory.framework/Versions/A/Frameworks/CFOpenDirectory.framework/Versions/A/CFOpenDirectory
0x00000000031ce000 	/System/Library/Frameworks/SecurityFoundation.framework/Versions/A/SecurityFoundation
0x00000000031ce000 	/System/Library/PrivateFrameworks/LanguageModeling.framework/Versions/A/LanguageModeling
0x00000000031ce000 	/usr/lib/libcmph.dylib
0x00000000031ce000 	/System/Library/Frameworks/ServiceManagement.framework/Versions/A/ServiceManagement
0x00000000031ce000 	/usr/lib/libxslt.1.dylib
0x00000000031ce000 	/System/Library/Frameworks/Carbon.framework/Versions/A/Frameworks/Ink.framework/Versions/A/Ink
0x00000000031ce000 	/System/Library/Frameworks/QuartzCore.framework/Versions/A/Frameworks/CoreImage.framework/Versions/A/CoreImage
0x00000000031ce000 	/System/Library/PrivateFrameworks/CrashReporterSupport.framework/Versions/A/CrashReporterSupport
0x00000000031ce000 	/System/Library/Frameworks/OpenCL.framework/Versions/A/OpenCL
0x00000000031ce000 	/System/Library/PrivateFrameworks/FaceCore.framework/Versions/A/FaceCore
0x00000000031ce000 	/System/Library/PrivateFrameworks/Ubiquity.framework/Versions/A/Ubiquity
0x00000000031ce000 	/System/Library/PrivateFrameworks/IconServices.framework/Versions/A/IconServices
0x00000000031ce000 	/System/Library/PrivateFrameworks/ChunkingLibrary.framework/Versions/A/ChunkingLibrary
0x00000000031ce000 	/System/Library/PrivateFrameworks/Apple80211.framework/Versions/A/Apple80211
0x00000000031ce000 	/System/Library/Frameworks/CoreWLAN.framework/Versions/A/CoreWLAN
0x00000000031ce000 	/System/Library/Frameworks/IOBluetooth.framework/Versions/A/IOBluetooth
0x00000000031ce000 	/System/Library/PrivateFrameworks/CoreWiFi.framework/Versions/A/CoreWiFi
0x00000000031ce000 	/System/Library/Frameworks/CoreBluetooth.framework/Versions/A/CoreBluetooth
0x00000000031ce000 	/System/Library/PrivateFrameworks/DebugSymbols.framework/Versions/A/DebugSymbols
0x00000000031ce000 	/System/Library/PrivateFrameworks/CoreSymbolication.framework/Versions/A/CoreSymbolication
0x00000000031ce000 	/System/Library/PrivateFrameworks/Symbolication.framework/Versions/A/Symbolication
0x00000000031ce000 	/System/Library/PrivateFrameworks/SpeechRecognitionCore.framework/Versions/A/SpeechRecognitionCore
0x000000004c91b000 	/System/Library/CoreServices/Encodings/libJapaneseConverter.dylib
0x0000000107c00000 	/Library/Java/JavaVirtualMachines/jdk1.8.0_45.jdk/Contents/Home/jre/lib/server/libjvm.dylib
0x00000000031ce000 	/usr/lib/libstdc++.6.dylib
0x0000000107307000 	/Library/Java/JavaVirtualMachines/jdk1.8.0_45.jdk/Contents/Home/jre/lib/libverify.dylib
0x0000000107315000 	/Library/Java/JavaVirtualMachines/jdk1.8.0_45.jdk/Contents/Home/jre/lib/libjava.dylib
0x0000000107354000 	/Library/Java/JavaVirtualMachines/jdk1.8.0_45.jdk/Contents/Home/jre/lib/libzip.dylib
0x000000011ec42000 	/System/Library/Frameworks/JavaVM.framework/Frameworks/JavaRuntimeSupport.framework/JavaRuntimeSupport
0x000000011ec5a000 	/System/Library/Frameworks/JavaVM.framework/Versions/A/Frameworks/JavaNativeFoundation.framework/Versions/A/JavaNativeFoundation
0x000000011ec6f000 	/System/Library/Frameworks/JavaVM.framework/Versions/A/JavaVM
0x00000000031ce000 	/System/Library/Frameworks/Carbon.framework/Versions/A/Carbon
0x000000011ec7c000 	/System/Library/PrivateFrameworks/JavaLaunching.framework/Versions/A/JavaLaunching
0x00000000031ce000 	/System/Library/Frameworks/Carbon.framework/Versions/A/Frameworks/CommonPanels.framework/Versions/A/CommonPanels
0x00000000031ce000 	/System/Library/Frameworks/Carbon.framework/Versions/A/Frameworks/Help.framework/Versions/A/Help
0x00000000031ce000 	/System/Library/Frameworks/Carbon.framework/Versions/A/Frameworks/ImageCapture.framework/Versions/A/ImageCapture
0x00000000031ce000 	/System/Library/Frameworks/Carbon.framework/Versions/A/Frameworks/OpenScripting.framework/Versions/A/OpenScripting
0x00000000031ce000 	/System/Library/Frameworks/Carbon.framework/Versions/A/Frameworks/Print.framework/Versions/A/Print
0x00000000031ce000 	/System/Library/Frameworks/Carbon.framework/Versions/A/Frameworks/SecurityHI.framework/Versions/A/SecurityHI
0x0000000120d4a000 	/Library/Java/JavaVirtualMachines/jdk1.8.0_45.jdk/Contents/Home/jre/lib/libprism_es2.dylib
0x00000000031ce000 	/System/Library/Frameworks/OpenGL.framework/Versions/A/Resources/GLEngine.bundle/GLEngine
0x00000000031ce000 	/System/Library/Frameworks/OpenGL.framework/Versions/A/Libraries/libGLProgrammability.dylib
0x0000000120dcc000 	/System/Library/Extensions/AppleIntelHD5000GraphicsGLDriver.bundle/Contents/MacOS/AppleIntelHD5000GraphicsGLDriver
0x00000000031ce000 	/System/Library/PrivateFrameworks/IOAccelerator.framework/Versions/A/IOAccelerator
0x00000000031ce000 	/System/Library/PrivateFrameworks/GPUSupport.framework/Versions/A/Libraries/libGPUSupportMercury.dylib
0x00000000031ce000 	/System/Library/Frameworks/OpenGL.framework/Versions/A/Resources/GLRendererFloat.bundle/GLRendererFloat
0x00000000031ce000 	/System/Library/Frameworks/OpenCL.framework/Versions/A/Libraries/libcldcpuengine.dylib
0x00000000031ce000 	/System/Library/PrivateFrameworks/DiskImages.framework/Versions/A/DiskImages
0x00000000031ce000 	/System/Library/Frameworks/DiscRecording.framework/Versions/A/DiscRecording
0x00000000031ce000 	/usr/lib/libcsfde.dylib
0x00000000031ce000 	/usr/lib/libcurl.4.dylib
0x00000000031ce000 	/System/Library/PrivateFrameworks/MediaKit.framework/Versions/A/MediaKit
0x00000000031ce000 	/System/Library/PrivateFrameworks/ProtectedCloudStorage.framework/Versions/A/ProtectedCloudStorage
0x00000000031ce000 	/usr/lib/libCoreStorage.dylib
0x00000000031ce000 	/System/Library/PrivateFrameworks/EFILogin.framework/Versions/A/EFILogin
0x00000000031ce000 	/usr/lib/libutil.dylib
0x00000000031ce000 	/System/Library/PrivateFrameworks/FindMyDevice.framework/Versions/A/FindMyDevice
0x00000000031ce000 	/System/Library/Frameworks/LDAP.framework/Versions/A/LDAP
0x00000000031ce000 	/usr/lib/libsasl2.2.dylib
0x00000000031ce000 	/System/Library/PrivateFrameworks/CoreDaemon.framework/Versions/B/CoreDaemon
0x00000000031ce000 	/usr/lib/libcrypto.0.9.8.dylib
0x00000000031ce000 	/System/Library/PrivateFrameworks/AppleSRP.framework/Versions/A/AppleSRP
0x00000000031ce000 	/System/Library/PrivateFrameworks/TrustEvaluationAgent.framework/Versions/A/TrustEvaluationAgent
0x00000001218e3000 	/Library/Java/JavaVirtualMachines/jdk1.8.0_45.jdk/Contents/Home/jre/lib/libglass.dylib
0x00000000031ce000 	/System/Library/PrivateFrameworks/CoreServicesInternal.framework/Versions/A/CoreServicesInternal
0x00000000031ce000 	/System/Library/PrivateFrameworks/CloudDocs.framework/Versions/A/CloudDocs
0x00000000031ce000 	/System/Library/PrivateFrameworks/CoreDuet.framework/Versions/A/CoreDuet
0x00000000031ce000 	/System/Library/Frameworks/CloudKit.framework/Versions/A/CloudKit
0x00000000031ce000 	/System/Library/PrivateFrameworks/ProtocolBuffer.framework/Versions/A/ProtocolBuffer
0x00000000031ce000 	/System/Library/PrivateFrameworks/CoreDuetDaemonProtocol.framework/Versions/A/CoreDuetDaemonProtocol
0x00000000031ce000 	/System/Library/PrivateFrameworks/CoreDuetDebugLogging.framework/Versions/A/CoreDuetDebugLogging
0x00000000031ce000 	/System/Library/PrivateFrameworks/MMCS.framework/Versions/A/MMCS
0x00000000031ce000 	/System/Library/Frameworks/CoreLocation.framework/Versions/A/CoreLocation
0x00000000031ce000 	/System/Library/PrivateFrameworks/GeoServices.framework/Versions/A/GeoServices
0x00000000031ce000 	/System/Library/Frameworks/CoreGraphics.framework/Versions/A/Resources/libCGCMS.A.dylib
0x00000000031ce000 	/System/Library/CoreServices/RawCamera.bundle/Contents/MacOS/RawCamera
0x00000000031ce000 	/System/Library/Frameworks/CoreGraphics.framework/Versions/A/Resources/libRIP.A.dylib
0x00000000031ce000 	/System/Library/PrivateFrameworks/FamilyControls.framework/Versions/A/FamilyControls
0x00000000031ce000 	/System/Library/PrivateFrameworks/CommerceKit.framework/Versions/A/Frameworks/CommerceCore.framework/Versions/A/CommerceCore
0x00000000031ce000 	/System/Library/PrivateFrameworks/SystemAdministration.framework/Versions/A/SystemAdministration
0x00000000031ce000 	/System/Library/PrivateFrameworks/AppContainer.framework/Versions/A/AppContainer
0x00000000031ce000 	/System/Library/PrivateFrameworks/SecCodeWrapper.framework/Versions/A/SecCodeWrapper
0x00000000031ce000 	/System/Library/Frameworks/DirectoryService.framework/Versions/A/DirectoryService
0x00000000031ce000 	/System/Library/PrivateFrameworks/LoginUIKit.framework/Versions/A/Frameworks/LoginUICore.framework/Versions/A/LoginUICore
0x00000000031ce000 	/usr/lib/libodfde.dylib
0x00000000031ce000 	/System/Library/Frameworks/CoreGraphics.framework/Versions/A/Resources/libCGXType.A.dylib
0x00000001270d4000 	cl_kernels
0x00000001270d6000 	/System/Library/Frameworks/OpenCL.framework/Versions/A/Libraries/ImageFormats/unorm8_bgra.dylib
0x00000001270c6000 	cl_kernels

VM Arguments:
jvm_args: -Dfile.encoding=UTF-8 
java_command: App
java_class_path (initial): /Users/koiketakayuki/Documents/workspace/lambdamagic-java/bin:/Applications/Eclipse.app/Contents/Eclipse/plugins/org.junit_4.12.0.v201504281640/junit.jar:/Applications/Eclipse.app/Contents/Eclipse/plugins/org.hamcrest.core_1.3.0.v201303031735.jar:/Users/koiketakayuki/Documents/workspace/lambdamagic-java/lib/mysql-connector-java-5.1.34-bin.jar:/Users/koiketakayuki/Documents/workspace/lambdamagic-java/lib/servlet-api.jar
Launcher Type: SUN_STANDARD

Environment Variables:
PATH=/usr/bin:/bin:/usr/sbin:/sbin
SHELL=/bin/bash

Signal Handlers:
SIGSEGV: [libjvm.dylib+0x58ef95], sa_mask[0]=11111111011111110111111111111111, sa_flags=SA_ONSTACK|SA_RESTART|SA_SIGINFO
SIGBUS: [libjvm.dylib+0x58ef95], sa_mask[0]=11111111011111110111111111111111, sa_flags=SA_RESTART|SA_SIGINFO
SIGFPE: [libjvm.dylib+0x46c108], sa_mask[0]=11111111011111110111111111111111, sa_flags=SA_RESTART|SA_SIGINFO
SIGPIPE: [libjvm.dylib+0x46c108], sa_mask[0]=11111111011111110111111111111111, sa_flags=SA_RESTART|SA_SIGINFO
SIGXFSZ: [libjvm.dylib+0x46c108], sa_mask[0]=11111111011111110111111111111111, sa_flags=SA_RESTART|SA_SIGINFO
SIGILL: [libjvm.dylib+0x46c108], sa_mask[0]=11111111011111110111111111111111, sa_flags=SA_RESTART|SA_SIGINFO
SIGUSR1: SIG_DFL, sa_mask[0]=00000000000000000000000000000000, sa_flags=none
SIGUSR2: [libjvm.dylib+0x46bc26], sa_mask[0]=00100000000000000000000000000000, sa_flags=SA_RESTART|SA_SIGINFO
SIGHUP: [libjvm.dylib+0x46a1f9], sa_mask[0]=11111111011111110111111111111111, sa_flags=SA_RESTART|SA_SIGINFO
SIGINT: [libjvm.dylib+0x46a1f9], sa_mask[0]=11111111011111110111111111111111, sa_flags=SA_RESTART|SA_SIGINFO
SIGTERM: [libjvm.dylib+0x46a1f9], sa_mask[0]=11111111011111110111111111111111, sa_flags=SA_RESTART|SA_SIGINFO
SIGQUIT: [libjvm.dylib+0x46a1f9], sa_mask[0]=11111111011111110111111111111111, sa_flags=SA_RESTART|SA_SIGINFO


---------------  S Y S T E M  ---------------

OS:Bsduname:Darwin 14.5.0 Darwin Kernel Version 14.5.0: Mon Jan 11 18:48:35 PST 2016; root:xnu-2782.50.2~1/RELEASE_X86_64 x86_64
rlimit: STACK 8192k, CORE 0k, NPROC 709, NOFILE 10240, AS infinity
load average:1.90 2.01 2.06

CPU:total 4 (2 cores per cpu, 2 threads per core) family 6 model 69 stepping 1, cmov, cx8, fxsr, mmx, sse, sse2, sse3, ssse3, sse4.1, sse4.2, popcnt, avx, avx2, aes, clmul, erms, lzcnt, ht, tsc, tscinvbit, bmi1, bmi2

Memory: 4k page, physical 8388608k(191076k free)

/proc/meminfo:


vm_info: Java HotSpot(TM) 64-Bit Server VM (25.45-b02) for bsd-amd64 JRE (1.8.0_45-b14), built on Apr 10 2015 10:46:38 by "java_re" with gcc 4.2.1 (Based on Apple Inc. build 5658) (LLVM build 2336.11.00)

time: Fri Dec 16 00:24:40 2016
elapsed time: 0 seconds (0d 0h 0m 0s)

